<?xml version="1.0" encoding="UTF-8"?>
<testsuite xmlns:xsi="http://www.w3.org/2001/XMLSchema-instance" xsi:noNamespaceSchemaLocation="https://maven.apache.org/surefire/maven-surefire-plugin/xsd/surefire-test-report-3.0.xsd" version="3.0" name="sorting.test.StudentSortingTest" time="0.087" tests="20" errors="0" skipped="0" failures="0">
  <properties>
    <property name="java.specification.version" value="22"/>
    <property name="sun.cpu.isalist" value="amd64"/>
    <property name="sun.jnu.encoding" value="Cp1252"/>
    <property name="java.class.path" value="C:\Users\RR\Documents\roteiro-leda-03\R04-01-Rot-LinearSorting-Countingsort-environment\target\test-classes;C:\Users\RR\Documents\roteiro-leda-03\R04-01-Rot-LinearSorting-Countingsort-environment\target\classes;C:\Users\RR\.m2\repository\junit\junit\4.13.1\junit-4.13.1.jar;C:\Users\RR\.m2\repository\org\hamcrest\hamcrest-core\1.3\hamcrest-core-1.3.jar;"/>
    <property name="java.vm.vendor" value="Oracle Corporation"/>
    <property name="sun.arch.data.model" value="64"/>
    <property name="user.variant" value=""/>
    <property name="java.vendor.url" value="https://java.oracle.com/"/>
    <property name="user.timezone" value="America/Sao_Paulo"/>
    <property name="os.name" value="Windows 10"/>
    <property name="java.vm.specification.version" value="22"/>
    <property name="sun.java.launcher" value="SUN_STANDARD"/>
    <property name="user.country" value="BR"/>
    <property name="sun.boot.library.path" value="C:\Program Files\Java\jdk-22\bin"/>
    <property name="sun.java.command" value="C:\Users\RR\AppData\Local\Temp\surefire16368512539831632179\surefirebooter-20240805130907563_3.jar C:\Users\RR\AppData\Local\Temp\surefire16368512539831632179 2024-08-05T13-09-07_427-jvmRun1 surefire-20240805130907563_1tmp surefire_0-20240805130907563_2tmp"/>
    <property name="jdk.debug" value="release"/>
    <property name="surefire.test.class.path" value="C:\Users\RR\Documents\roteiro-leda-03\R04-01-Rot-LinearSorting-Countingsort-environment\target\test-classes;C:\Users\RR\Documents\roteiro-leda-03\R04-01-Rot-LinearSorting-Countingsort-environment\target\classes;C:\Users\RR\.m2\repository\junit\junit\4.13.1\junit-4.13.1.jar;C:\Users\RR\.m2\repository\org\hamcrest\hamcrest-core\1.3\hamcrest-core-1.3.jar;"/>
    <property name="sun.cpu.endian" value="little"/>
    <property name="user.home" value="C:\Users\RR"/>
    <property name="user.language" value="pt"/>
    <property name="java.specification.vendor" value="Oracle Corporation"/>
    <property name="java.version.date" value="2024-04-16"/>
    <property name="java.home" value="C:\Program Files\Java\jdk-22"/>
    <property name="file.separator" value="\"/>
    <property name="basedir" value="C:\Users\RR\Documents\roteiro-leda-03\R04-01-Rot-LinearSorting-Countingsort-environment"/>
    <property name="java.vm.compressedOopsMode" value="Zero based"/>
    <property name="line.separator" value="&#10;"/>
    <property name="java.vm.specification.vendor" value="Oracle Corporation"/>
    <property name="java.specification.name" value="Java Platform API Specification"/>
    <property name="surefire.real.class.path" value="C:\Users\RR\AppData\Local\Temp\surefire16368512539831632179\surefirebooter-20240805130907563_3.jar"/>
    <property name="user.script" value=""/>
    <property name="sun.management.compiler" value="HotSpot 64-Bit Tiered Compilers"/>
    <property name="java.runtime.version" value="22.0.1+8-16"/>
    <property name="user.name" value="RR"/>
    <property name="stdout.encoding" value="Cp1252"/>
    <property name="path.separator" value=";"/>
    <property name="os.version" value="10.0"/>
    <property name="java.runtime.name" value="Java(TM) SE Runtime Environment"/>
    <property name="file.encoding" value="UTF-8"/>
    <property name="java.vm.name" value="Java HotSpot(TM) 64-Bit Server VM"/>
    <property name="localRepository" value="C:\Users\RR\.m2\repository"/>
    <property name="java.vendor.url.bug" value="https://bugreport.java.com/bugreport/"/>
    <property name="java.io.tmpdir" value="C:\Users\RR\AppData\Local\Temp\"/>
    <property name="java.version" value="22.0.1"/>
    <property name="user.dir" value="C:\Users\RR\Documents\roteiro-leda-03\R04-01-Rot-LinearSorting-Countingsort-environment"/>
    <property name="os.arch" value="amd64"/>
    <property name="java.vm.specification.name" value="Java Virtual Machine Specification"/>
    <property name="sun.os.patch.level" value=""/>
    <property name="native.encoding" value="Cp1252"/>
    <property name="java.library.path" value="C:\Program Files\Java\jdk-22\bin;C:\Windows\Sun\Java\bin;C:\Windows\system32;C:\Windows;C:\Program Files\Common Files\Oracle\Java\javapath;C:\Program Files (x86)\Common Files\Oracle\Java\java8path;C:\Program Files (x86)\Common Files\Oracle\Java\javapath;C:\Program Files (x86)\Common Files\Intel\Shared Libraries\redist\intel64\compiler;C:\Windows\system32;C:\Windows;C:\Windows\System32\Wbem;C:\Windows\System32\WindowsPowerShell\v1.0\;C:\Windows\System32\OpenSSH\;C:\Program Files (x86)\NVIDIA Corporation\PhysX\Common;C:\Users\RR\Downloads\apache-maven-3.9.8\bin;C:\Program Files\Git\cmd;C:\Users\RR\AppData\Local\Microsoft\WindowsApps;C:\Users\RR\AppData\Local\Programs\Microsoft VS Code\bin;C:\Users\RR\Downloads\apache-maven-3.9.8\bin;;."/>
    <property name="java.vm.info" value="mixed mode, sharing"/>
    <property name="stderr.encoding" value="Cp1252"/>
    <property name="java.vendor" value="Oracle Corporation"/>
    <property name="java.vm.version" value="22.0.1+8-16"/>
    <property name="sun.io.unicode.encoding" value="UnicodeLittle"/>
    <property name="java.class.version" value="66.0"/>
  </properties>
  <testcase name="countingSortPrimeiraMetadeArrayImpar" classname="sorting.test.StudentSortingTest" time="0.019"/>
  <testcase name="extendedCountingSortSegundaMetadeArrayImpar" classname="sorting.test.StudentSortingTest" time="0.0"/>
  <testcase name="countingSortArrayVazio" classname="sorting.test.StudentSortingTest" time="0.0"/>
  <testcase name="countingSortArrayTamPar" classname="sorting.test.StudentSortingTest" time="0.0"/>
  <testcase name="countingSortSegundaMetadeArrayImpar" classname="sorting.test.StudentSortingTest" time="0.0"/>
  <testcase name="countingSortPrimeiraMetadeArrayPar" classname="sorting.test.StudentSortingTest" time="0.0"/>
  <testcase name="extendedCountingSortArrayElementosIguais" classname="sorting.test.StudentSortingTest" time="0.0"/>
  <testcase name="extendedCountingArrayCrescente" classname="sorting.test.StudentSortingTest" time="0.0"/>
  <testcase name="countingSortArrayCrescente" classname="sorting.test.StudentSortingTest" time="0.0"/>
  <testcase name="countingSortSegundaMetadeArrayPar" classname="sorting.test.StudentSortingTest" time="0.001"/>
  <testcase name="extendedCountingSortArrayVazio" classname="sorting.test.StudentSortingTest" time="0.0"/>
  <testcase name="countingSortArrayElementosIguais" classname="sorting.test.StudentSortingTest" time="0.001"/>
  <testcase name="extendedCountingSortArrayElementosRepetidos" classname="sorting.test.StudentSortingTest" time="0.0"/>
  <testcase name="ExtendedCountingSortVetorTamImpar" classname="sorting.test.StudentSortingTest" time="0.001"/>
  <testcase name="extendedCountingSortPrimeiraMetadeArrayImpar" classname="sorting.test.StudentSortingTest" time="0.0"/>
  <testcase name="extendedCountingSortSegundaMetadeArrayPar" classname="sorting.test.StudentSortingTest" time="0.001"/>
  <testcase name="countingSortArrayTamImpar" classname="sorting.test.StudentSortingTest" time="0.0"/>
  <testcase name="extendedCountingSortPrimeiraMetadeArrayPar" classname="sorting.test.StudentSortingTest" time="0.0"/>
  <testcase name="ExtendedCountingSortVetorTamPar" classname="sorting.test.StudentSortingTest" time="0.0"/>
  <testcase name="countingSortArrayElementosRepetidos" classname="sorting.test.StudentSortingTest" time="0.0"/>
</testsuite>